[18478.361465] pid: 1; state: 1, prio: 120, static prio: 120, normal prio: 120, rt prio: 0, parent id: 0
[18478.363197] task name: systemd, files count: 1, fs umask: 0, nvcsw: 2370, nivcsw: 4221
[18478.363917] mm: 0x7f6d83e9c000, total_vm: 41869
[18478.364632]

[18478.366301] pid: 2; state: 1, prio: 120, static prio: 120, normal prio: 120, rt prio: 0, parent id: 0
[18478.367671] task name: kthreadd, files count: 171, fs umask: 0, nvcsw: 398, nivcsw: 1
[18478.368319]

[18478.369770] pid: 3; state: 402, prio: 100, static prio: 100, normal prio: 100, rt prio: 0, parent id: 2
[18478.371447] task name: rcu_gp, files count: 171, fs umask: 0, nvcsw: 3, nivcsw: 1
[18478.372792]

[18478.374467] pid: 4; state: 402, prio: 100, static prio: 100, normal prio: 100, rt prio: 0, parent id: 2
[18478.375911] task name: rcu_par_gp, files count: 171, fs umask: 0, nvcsw: 2, nivcsw: 0
[18478.376745]

[18478.378524] pid: 6; state: 402, prio: 100, static prio: 100, normal prio: 100, rt prio: 0, parent id: 2
[18478.380311] task name: kworker/0:0H, files count: 171, fs umask: 0, nvcsw: 7, nivcsw: 0
[18478.381149]

[18478.382821] pid: 9; state: 402, prio: 100, static prio: 100, normal prio: 100, rt prio: 0, parent id: 2
[18478.410219] task name: mm_percpu_wq, files count: 171, fs umask: 0, nvcsw: 2, nivcsw: 0
[18478.411284]

[18478.413760] pid: 10; state: 1, prio: 120, static prio: 120, normal prio: 120, rt prio: 0, parent id: 2
[18478.415112] task name: ksoftirqd/0, files count: 171, fs umask: 0, nvcsw: 154283, nivcsw: 148
[18478.415799]

[18478.417120] pid: 11; state: 402, prio: 120, static prio: 120, normal prio: 120, rt prio: 0, parent id: 2
[18478.418487] task name: rcu_sched, files count: 171, fs umask: 0, nvcsw: 338869, nivcsw: 28
[18478.419190]

[18478.420506] pid: 12; state: 1, prio: 0, static prio: 120, normal prio: 0, rt prio: 99, parent id: 2
[18478.422003] task name: migration/0, files count: 171, fs umask: 0, nvcsw: 4680, nivcsw: 0
[18478.422703]

[18478.424003] pid: 13; state: 1, prio: 49, static prio: 120, normal prio: 49, rt prio: 50, parent id: 2
[18478.425357] task name: idle_inject/0, files count: 171, fs umask: 0, nvcsw: 3, nivcsw: 0
[18478.426097]

[18478.427506] pid: 14; state: 1, prio: 120, static prio: 120, normal prio: 120, rt prio: 0, parent id: 2
[18478.430098] task name: cpuhp/0, files count: 171, fs umask: 0, nvcsw: 10, nivcsw: 0
[18478.431299]

[18478.434022] pid: 15; state: 1, prio: 120, static prio: 120, normal prio: 120, rt prio: 0, parent id: 2
[18478.435413] task name: cpuhp/1, files count: 171, fs umask: 0, nvcsw: 9, nivcsw: 0
[18478.436148]

[18478.437452] pid: 16; state: 1, prio: 49, static prio: 120, normal prio: 49, rt prio: 50, parent id: 2
[18478.438872] task name: idle_inject/1, files count: 171, fs umask: 0, nvcsw: 3, nivcsw: 0
[18478.439598]

[18478.440914] pid: 17; state: 0, prio: 0, static prio: 120, normal prio: 0, rt prio: 99, parent id: 2
[18478.442596] task name: migration/1, files count: 171, fs umask: 0, nvcsw: 4674, nivcsw: 0
[18478.443276]

[18478.444831] pid: 18; state: 1, prio: 120, static prio: 120, normal prio: 120, rt prio: 0, parent id: 2
[18478.446981] task name: ksoftirqd/1, files count: 171, fs umask: 0, nvcsw: 4702, nivcsw: 107
[18478.447737]

[18478.449021] pid: 20; state: 402, prio: 100, static prio: 100, normal prio: 100, rt prio: 0, parent id: 2
[18478.450483] task name: kworker/1:0H, files count: 171, fs umask: 0, nvcsw: 8, nivcsw: 0
[18478.451363]

[18478.453338] pid: 21; state: 1, prio: 120, static prio: 120, normal prio: 120, rt prio: 0, parent id: 2
[18478.454744] task name: kdevtmpfs, files count: 171, fs umask: 18, nvcsw: 197, nivcsw: 0
[18478.455406]

[18478.456753] pid: 22; state: 402, prio: 100, static prio: 100, normal prio: 100, rt prio: 0, parent id: 2
[18478.458156] task name: netns, files count: 171, fs umask: 0, nvcsw: 2, nivcsw: 0
[18478.458873]

[18478.460149] pid: 23; state: 1, prio: 120, static prio: 120, normal prio: 120, rt prio: 0, parent id: 2
[18478.461499] task name: rcu_tasks_kthre, files count: 171, fs umask: 0, nvcsw: 2, nivcsw: 0
[18478.462699]

[18478.465847] pid: 24; state: 1, prio: 120, static prio: 120, normal prio: 120, rt prio: 0, parent id: 2
[18478.467208] task name: kauditd, files count: 171, fs umask: 0, nvcsw: 23, nivcsw: 0
[18478.467900]

[18478.469220] pid: 28; state: 1, prio: 120, static prio: 120, normal prio: 120, rt prio: 0, parent id: 2
[18478.470674] task name: khungtaskd, files count: 171, fs umask: 0, nvcsw: 154, nivcsw: 0
[18478.471344]

[18478.472818] pid: 29; state: 1, prio: 120, static prio: 120, normal prio: 120, rt prio: 0, parent id: 2
[18478.474281] task name: oom_reaper, files count: 171, fs umask: 0, nvcsw: 2, nivcsw: 0
[18478.475022]

[18478.476315] pid: 30; state: 402, prio: 100, static prio: 100, normal prio: 100, rt prio: 0, parent id: 2
[18478.477887] task name: writeback, files count: 171, fs umask: 0, nvcsw: 2, nivcsw: 0
[18478.478805]

[18478.480118] pid: 31; state: 1, prio: 120, static prio: 120, normal prio: 120, rt prio: 0, parent id: 2
[18478.481794] task name: kcompactd0, files count: 171, fs umask: 0, nvcsw: 2, nivcsw: 0
[18478.482662]

[18478.484017] pid: 32; state: 1, prio: 125, static prio: 125, normal prio: 125, rt prio: 0, parent id: 2
[18478.485336] task name: ksmd, files count: 171, fs umask: 0, nvcsw: 2, nivcsw: 0
[18478.486086]

[18478.487525] pid: 33; state: 1, prio: 139, static prio: 139, normal prio: 139, rt prio: 0, parent id: 2
[18478.488866] task name: khugepaged, files count: 171, fs umask: 0, nvcsw: 2, nivcsw: 1
[18478.489588]

[18478.490922] pid: 125; state: 402, prio: 100, static prio: 100, normal prio: 100, rt prio: 0, parent id: 2
[18478.492278] task name: kintegrityd, files count: 171, fs umask: 0, nvcsw: 2, nivcsw: 0
[18478.493200]

[18478.494627] pid: 126; state: 402, prio: 100, static prio: 100, normal prio: 100, rt prio: 0, parent id: 2
[18478.496106] task name: kblockd, files count: 171, fs umask: 0, nvcsw: 2, nivcsw: 0
[18478.496806]

[18478.498110] pid: 127; state: 402, prio: 100, static prio: 100, normal prio: 100, rt prio: 0, parent id: 2
[18478.499427] task name: blkcg_punt_bio, files count: 171, fs umask: 0, nvcsw: 2, nivcsw: 0
[18478.500092]

[18478.501348] pid: 128; state: 402, prio: 100, static prio: 100, normal prio: 100, rt prio: 0, parent id: 2
[18478.502892] task name: tpm_dev_wq, files count: 171, fs umask: 0, nvcsw: 2, nivcsw: 0
[18478.503806]

[18478.505132] pid: 129; state: 402, prio: 100, static prio: 100, normal prio: 100, rt prio: 0, parent id: 2
[18478.506576] task name: ata_sff, files count: 171, fs umask: 0, nvcsw: 2, nivcsw: 0
[18478.507402]

[18478.508754] pid: 130; state: 402, prio: 100, static prio: 100, normal prio: 100, rt prio: 0, parent id: 2
[18478.510170] task name: md, files count: 171, fs umask: 0, nvcsw: 2, nivcsw: 0
[18478.510900]

[18478.512856] pid: 131; state: 402, prio: 100, static prio: 100, normal prio: 100, rt prio: 0, parent id: 2
[18478.515442] task name: edac-poller, files count: 171, fs umask: 0, nvcsw: 2, nivcsw: 0
[18478.516216]

[18478.517682] pid: 132; state: 402, prio: 100, static prio: 100, normal prio: 100, rt prio: 0, parent id: 2
[18478.519036] task name: devfreq_wq, files count: 171, fs umask: 0, nvcsw: 2, nivcsw: 0
[18478.519723]

[18478.521056] pid: 133; state: 1, prio: 0, static prio: 120, normal prio: 0, rt prio: 99, parent id: 2
[18478.522558] task name: watchdogd, files count: 171, fs umask: 0, nvcsw: 2, nivcsw: 0
[18478.523335]

[18478.524684] pid: 136; state: 1, prio: 120, static prio: 120, normal prio: 120, rt prio: 0, parent id: 2
[18478.526070] task name: kswapd0, files count: 171, fs umask: 0, nvcsw: 3, nivcsw: 0
[18478.526780]

[18478.528087] pid: 137; state: 1, prio: 120, static prio: 120, normal prio: 120, rt prio: 0, parent id: 2
[18478.529723] task name: ecryptfs-kthrea, files count: 171, fs umask: 0, nvcsw: 2, nivcsw: 0
[18478.530382]

[18478.531766] pid: 140; state: 402, prio: 100, static prio: 100, normal prio: 100, rt prio: 0, parent id: 2
[18478.533132] task name: kthrotld, files count: 171, fs umask: 0, nvcsw: 2, nivcsw: 0
[18478.533915]

[18478.535212] pid: 141; state: 1, prio: 49, static prio: 120, normal prio: 49, rt prio: 50, parent id: 2
[18478.536617] task name: irq/24-pciehp, files count: 171, fs umask: 0, nvcsw: 2, nivcsw: 0
[18478.537228]

[18478.538582] pid: 142; state: 1, prio: 49, static prio: 120, normal prio: 49, rt prio: 50, parent id: 2
[18478.539961] task name: irq/25-pciehp, files count: 171, fs umask: 0, nvcsw: 2, nivcsw: 0
[18478.540682]

[18478.542052] pid: 143; state: 1, prio: 49, static prio: 120, normal prio: 49, rt prio: 50, parent id: 2
[18478.543512] task name: irq/26-pciehp, files count: 171, fs umask: 0, nvcsw: 2, nivcsw: 0
[18478.544178]

[18478.545635] pid: 144; state: 1, prio: 49, static prio: 120, normal prio: 49, rt prio: 50, parent id: 2
[18478.547441] task name: irq/27-pciehp, files count: 171, fs umask: 0, nvcsw: 2, nivcsw: 0
[18478.549361]

[18478.550958] pid: 145; state: 1, prio: 49, static prio: 120, normal prio: 49, rt prio: 50, parent id: 2
[18478.552355] task name: irq/28-pciehp, files count: 171, fs umask: 0, nvcsw: 2, nivcsw: 0
[18478.553060]

[18478.554504] pid: 146; state: 1, prio: 49, static prio: 120, normal prio: 49, rt prio: 50, parent id: 2
[18478.555846] task name: irq/29-pciehp, files count: 171, fs umask: 0, nvcsw: 2, nivcsw: 0
[18478.556536]

[18478.557918] pid: 147; state: 1, prio: 49, static prio: 120, normal prio: 49, rt prio: 50, parent id: 2
[18478.559291] task name: irq/30-pciehp, files count: 171, fs umask: 0, nvcsw: 2, nivcsw: 0
[18478.559988]

[18478.561372] pid: 148; state: 1, prio: 49, static prio: 120, normal prio: 49, rt prio: 50, parent id: 2
[18478.563145] task name: irq/31-pciehp, files count: 171, fs umask: 0, nvcsw: 2, nivcsw: 0
[18478.563893]

[18478.565196] pid: 149; state: 1, prio: 49, static prio: 120, normal prio: 49, rt prio: 50, parent id: 2
[18478.566760] task name: irq/32-pciehp, files count: 171, fs umask: 0, nvcsw: 2, nivcsw: 0
[18478.567469]

[18478.568809] pid: 150; state: 1, prio: 49, static prio: 120, normal prio: 49, rt prio: 50, parent id: 2
[18478.570257] task name: irq/33-pciehp, files count: 171, fs umask: 0, nvcsw: 2, nivcsw: 0
[18478.570976]

[18478.572458] pid: 151; state: 1, prio: 49, static prio: 120, normal prio: 49, rt prio: 50, parent id: 2
[18478.573864] task name: irq/34-pciehp, files count: 171, fs umask: 0, nvcsw: 2, nivcsw: 0
[18478.574556]

[18478.575906] pid: 152; state: 1, prio: 49, static prio: 120, normal prio: 49, rt prio: 50, parent id: 2
[18478.578256] task name: irq/35-pciehp, files count: 171, fs umask: 0, nvcsw: 2, nivcsw: 0
[18478.580053]

[18478.581955] pid: 153; state: 1, prio: 49, static prio: 120, normal prio: 49, rt prio: 50, parent id: 2
[18478.584022] task name: irq/36-pciehp, files count: 171, fs umask: 0, nvcsw: 2, nivcsw: 0
[18478.585125]

[18478.587253] pid: 154; state: 1, prio: 49, static prio: 120, normal prio: 49, rt prio: 50, parent id: 2
[18478.588956] task name: irq/37-pciehp, files count: 171, fs umask: 0, nvcsw: 2, nivcsw: 0
[18478.589748]

[18478.591113] pid: 155; state: 1, prio: 49, static prio: 120, normal prio: 49, rt prio: 50, parent id: 2
[18478.592546] task name: irq/38-pciehp, files count: 171, fs umask: 0, nvcsw: 2, nivcsw: 0
[18478.593211]

[18478.595701] pid: 156; state: 1, prio: 49, static prio: 120, normal prio: 49, rt prio: 50, parent id: 2
[18478.599180] task name: irq/39-pciehp, files count: 171, fs umask: 0, nvcsw: 2, nivcsw: 0
[18478.599971]

[18478.601309] pid: 157; state: 1, prio: 49, static prio: 120, normal prio: 49, rt prio: 50, parent id: 2
[18478.602955] task name: irq/40-pciehp, files count: 171, fs umask: 0, nvcsw: 2, nivcsw: 0
[18478.603656]

[18478.604975] pid: 158; state: 1, prio: 49, static prio: 120, normal prio: 49, rt prio: 50, parent id: 2
[18478.606363] task name: irq/41-pciehp, files count: 171, fs umask: 0, nvcsw: 2, nivcsw: 0
[18478.607049]

[18478.608334] pid: 159; state: 1, prio: 49, static prio: 120, normal prio: 49, rt prio: 50, parent id: 2
[18478.609719] task name: irq/42-pciehp, files count: 171, fs umask: 0, nvcsw: 2, nivcsw: 0
[18478.610382]

[18478.613009] pid: 160; state: 1, prio: 49, static prio: 120, normal prio: 49, rt prio: 50, parent id: 2
[18478.614431] task name: irq/43-pciehp, files count: 171, fs umask: 0, nvcsw: 2, nivcsw: 0
[18478.615102]

[18478.616393] pid: 161; state: 1, prio: 49, static prio: 120, normal prio: 49, rt prio: 50, parent id: 2
[18478.617752] task name: irq/44-pciehp, files count: 171, fs umask: 0, nvcsw: 2, nivcsw: 0
[18478.618487]

[18478.619833] pid: 162; state: 1, prio: 49, static prio: 120, normal prio: 49, rt prio: 50, parent id: 2
[18478.621136] task name: irq/45-pciehp, files count: 171, fs umask: 0, nvcsw: 2, nivcsw: 0
[18478.621942]

[18478.623236] pid: 163; state: 1, prio: 49, static prio: 120, normal prio: 49, rt prio: 50, parent id: 2
[18478.624588] task name: irq/46-pciehp, files count: 171, fs umask: 0, nvcsw: 2, nivcsw: 0
[18478.625209]

[18478.626607] pid: 164; state: 1, prio: 49, static prio: 120, normal prio: 49, rt prio: 50, parent id: 2
[18478.628228] task name: irq/47-pciehp, files count: 171, fs umask: 0, nvcsw: 2, nivcsw: 0
[18478.629549]

[18478.633067] pid: 165; state: 1, prio: 49, static prio: 120, normal prio: 49, rt prio: 50, parent id: 2
[18478.635055] task name: irq/48-pciehp, files count: 171, fs umask: 0, nvcsw: 2, nivcsw: 0
[18478.635755]

[18478.637058] pid: 166; state: 1, prio: 49, static prio: 120, normal prio: 49, rt prio: 50, parent id: 2
[18478.638477] task name: irq/49-pciehp, files count: 171, fs umask: 0, nvcsw: 2, nivcsw: 0
[18478.639300]

[18478.640632] pid: 167; state: 1, prio: 49, static prio: 120, normal prio: 49, rt prio: 50, parent id: 2
[18478.642046] task name: irq/50-pciehp, files count: 171, fs umask: 0, nvcsw: 2, nivcsw: 0
[18478.642799]

[18478.644049] pid: 168; state: 1, prio: 49, static prio: 120, normal prio: 49, rt prio: 50, parent id: 2
[18478.646051] task name: irq/51-pciehp, files count: 171, fs umask: 0, nvcsw: 2, nivcsw: 0
[18478.646878]

[18478.648176] pid: 169; state: 1, prio: 49, static prio: 120, normal prio: 49, rt prio: 50, parent id: 2
[18478.649623] task name: irq/52-pciehp, files count: 171, fs umask: 0, nvcsw: 2, nivcsw: 0
[18478.650301]

[18478.651966] pid: 170; state: 1, prio: 49, static prio: 120, normal prio: 49, rt prio: 50, parent id: 2
[18478.653710] task name: irq/53-pciehp, files count: 171, fs umask: 0, nvcsw: 2, nivcsw: 0
[18478.654687]

[18478.656785] pid: 171; state: 1, prio: 49, static prio: 120, normal prio: 49, rt prio: 50, parent id: 2
[18478.658455] task name: irq/54-pciehp, files count: 171, fs umask: 0, nvcsw: 2, nivcsw: 0
[18478.659287]

[18478.660667] pid: 172; state: 1, prio: 49, static prio: 120, normal prio: 49, rt prio: 50, parent id: 2
[18478.662384] task name: irq/55-pciehp, files count: 171, fs umask: 0, nvcsw: 2, nivcsw: 0
[18478.663360]

[18478.666305] pid: 173; state: 402, prio: 100, static prio: 100, normal prio: 100, rt prio: 0, parent id: 2
[18478.667917] task name: acpi_thermal_pm, files count: 171, fs umask: 0, nvcsw: 2, nivcsw: 0
[18478.668628]

[18478.670022] pid: 174; state: 1, prio: 120, static prio: 120, normal prio: 120, rt prio: 0, parent id: 2
[18478.671637] task name: scsi_eh_0, files count: 171, fs umask: 0, nvcsw: 4, nivcsw: 0
[18478.672327]

[18478.673795] pid: 175; state: 402, prio: 100, static prio: 100, normal prio: 100, rt prio: 0, parent id: 2
[18478.675126] task name: scsi_tmf_0, files count: 171, fs umask: 0, nvcsw: 2, nivcsw: 0
[18478.675812]

[18478.677089] pid: 176; state: 1, prio: 120, static prio: 120, normal prio: 120, rt prio: 0, parent id: 2
[18478.678659] task name: scsi_eh_1, files count: 171, fs umask: 0, nvcsw: 4, nivcsw: 0
[18478.679554]

[18478.680849] pid: 177; state: 402, prio: 100, static prio: 100, normal prio: 100, rt prio: 0, parent id: 2
[18478.682287] task name: scsi_tmf_1, files count: 171, fs umask: 0, nvcsw: 2, nivcsw: 0
[18478.683156]

[18478.684475] pid: 179; state: 402, prio: 100, static prio: 100, normal prio: 100, rt prio: 0, parent id: 2
[18478.685871] task name: vfio-irqfd-clea, files count: 171, fs umask: 0, nvcsw: 2, nivcsw: 0
[18478.686579]

[18478.687828] pid: 180; state: 402, prio: 100, static prio: 100, normal prio: 100, rt prio: 0, parent id: 2
[18478.689121] task name: ipv6_addrconf, files count: 171, fs umask: 0, nvcsw: 2, nivcsw: 0
[18478.690057]

[18478.691606] pid: 192; state: 402, prio: 100, static prio: 100, normal prio: 100, rt prio: 0, parent id: 2
[18478.693002] task name: kstrp, files count: 171, fs umask: 0, nvcsw: 2, nivcsw: 0
[18478.693814]

[18478.695201] pid: 196; state: 402, prio: 100, static prio: 100, normal prio: 100, rt prio: 0, parent id: 2
[18478.696740] task name: zswap-shrink, files count: 171, fs umask: 0, nvcsw: 2, nivcsw: 0
[18478.697522]

[18478.698979] pid: 197; state: 402, prio: 100, static prio: 100, normal prio: 100, rt prio: 0, parent id: 2
[18478.700313] task name: kworker/u257:0, files count: 171, fs umask: 0, nvcsw: 16, nivcsw: 0
[18478.700987]

[18478.702408] pid: 213; state: 402, prio: 100, static prio: 100, normal prio: 100, rt prio: 0, parent id: 2
[18478.703764] task name: charger_manager, files count: 171, fs umask: 0, nvcsw: 2, nivcsw: 0
[18478.704458]

[18478.705812] pid: 257; state: 402, prio: 100, static prio: 100, normal prio: 100, rt prio: 0, parent id: 2
[18478.707139] task name: mpt_poll_0, files count: 171, fs umask: 0, nvcsw: 2, nivcsw: 0
[18478.707825]

[18478.709071] pid: 258; state: 402, prio: 100, static prio: 100, normal prio: 100, rt prio: 0, parent id: 2
[18478.710522] task name: mpt/0, files count: 171, fs umask: 0, nvcsw: 2, nivcsw: 0
[18478.711193]

[18478.712613] pid: 259; state: 1, prio: 120, static prio: 120, normal prio: 120, rt prio: 0, parent id: 2
[18478.715010] task name: scsi_eh_2, files count: 171, fs umask: 0, nvcsw: 24, nivcsw: 0
[18478.716858]

[18478.718209] pid: 260; state: 402, prio: 100, static prio: 100, normal prio: 100, rt prio: 0, parent id: 2
[18478.719608] task name: scsi_tmf_2, files count: 171, fs umask: 0, nvcsw: 2, nivcsw: 0
[18478.720266]

[18478.721807] pid: 261; state: 1, prio: 120, static prio: 120, normal prio: 120, rt prio: 0, parent id: 2
[18478.723240] task name: scsi_eh_3, files count: 171, fs umask: 0, nvcsw: 31, nivcsw: 0
[18478.723932]

[18478.725188] pid: 262; state: 402, prio: 100, static prio: 100, normal prio: 100, rt prio: 0, parent id: 2
[18478.726676] task name: scsi_tmf_3, files count: 171, fs umask: 0, nvcsw: 2, nivcsw: 0
[18478.727380]

[18478.729074] pid: 263; state: 1, prio: 120, static prio: 120, normal prio: 120, rt prio: 0, parent id: 2
[18478.730574] task name: scsi_eh_4, files count: 171, fs umask: 0, nvcsw: 24, nivcsw: 0
[18478.731234]

[18478.732629] pid: 264; state: 402, prio: 100, static prio: 100, normal prio: 100, rt prio: 0, parent id: 2
[18478.734454] task name: scsi_tmf_4, files count: 171, fs umask: 0, nvcsw: 2, nivcsw: 0
[18478.735277]

[18478.736607] pid: 265; state: 1, prio: 120, static prio: 120, normal prio: 120, rt prio: 0, parent id: 2
[18478.737992] task name: scsi_eh_5, files count: 171, fs umask: 0, nvcsw: 24, nivcsw: 0
[18478.738699]

[18478.739933] pid: 266; state: 402, prio: 100, static prio: 100, normal prio: 100, rt prio: 0, parent id: 2
[18478.741269] task name: scsi_tmf_5, files count: 171, fs umask: 0, nvcsw: 2, nivcsw: 0
[18478.742061]

[18478.743380] pid: 267; state: 1, prio: 120, static prio: 120, normal prio: 120, rt prio: 0, parent id: 2
[18478.744962] task name: scsi_eh_6, files count: 171, fs umask: 0, nvcsw: 24, nivcsw: 0
[18478.746871]

[18478.749285] pid: 268; state: 402, prio: 100, static prio: 100, normal prio: 100, rt prio: 0, parent id: 2
[18478.750916] task name: scsi_tmf_6, files count: 171, fs umask: 0, nvcsw: 2, nivcsw: 0
[18478.751703]

[18478.753016] pid: 269; state: 1, prio: 120, static prio: 120, normal prio: 120, rt prio: 0, parent id: 2
[18478.754451] task name: scsi_eh_7, files count: 171, fs umask: 0, nvcsw: 24, nivcsw: 0
[18478.755542]

[18478.757657] pid: 270; state: 402, prio: 100, static prio: 100, normal prio: 100, rt prio: 0, parent id: 2
[18478.759116] task name: scsi_tmf_7, files count: 171, fs umask: 0, nvcsw: 2, nivcsw: 0
[18478.759805]

[18478.761113] pid: 271; state: 1, prio: 120, static prio: 120, normal prio: 120, rt prio: 0, parent id: 2
[18478.762920] task name: scsi_eh_8, files count: 171, fs umask: 0, nvcsw: 24, nivcsw: 0
[18478.763688]

[18478.764940] pid: 272; state: 402, prio: 100, static prio: 100, normal prio: 100, rt prio: 0, parent id: 2
[18478.767304] task name: scsi_tmf_8, files count: 171, fs umask: 0, nvcsw: 2, nivcsw: 0
[18478.768440]

[18478.769904] pid: 273; state: 1, prio: 120, static prio: 120, normal prio: 120, rt prio: 0, parent id: 2
[18478.771636] task name: scsi_eh_9, files count: 171, fs umask: 0, nvcsw: 24, nivcsw: 0
[18478.772383]

[18478.773730] pid: 274; state: 402, prio: 100, static prio: 100, normal prio: 100, rt prio: 0, parent id: 2
[18478.775148] task name: scsi_tmf_9, files count: 171, fs umask: 0, nvcsw: 2, nivcsw: 0
[18478.775821]

[18478.777099] pid: 275; state: 1, prio: 120, static prio: 120, normal prio: 120, rt prio: 0, parent id: 2
[18478.778737] task name: scsi_eh_10, files count: 171, fs umask: 0, nvcsw: 24, nivcsw: 0
[18478.779489]

[18478.780786] pid: 276; state: 402, prio: 100, static prio: 100, normal prio: 100, rt prio: 0, parent id: 2
[18478.782236] task name: scsi_tmf_10, files count: 171, fs umask: 0, nvcsw: 2, nivcsw: 0
[18478.783034]

[18478.784355] pid: 277; state: 1, prio: 120, static prio: 120, normal prio: 120, rt prio: 0, parent id: 2
[18478.785746] task name: scsi_eh_11, files count: 171, fs umask: 0, nvcsw: 24, nivcsw: 0
[18478.786465]

[18478.787765] pid: 278; state: 402, prio: 100, static prio: 100, normal prio: 100, rt prio: 0, parent id: 2
[18478.789047] task name: scsi_tmf_11, files count: 171, fs umask: 0, nvcsw: 2, nivcsw: 0
[18478.789830]

[18478.791151] pid: 279; state: 1, prio: 120, static prio: 120, normal prio: 120, rt prio: 0, parent id: 2
[18478.792619] task name: scsi_eh_12, files count: 171, fs umask: 0, nvcsw: 24, nivcsw: 0
[18478.793283]

[18478.794716] pid: 280; state: 402, prio: 100, static prio: 100, normal prio: 100, rt prio: 0, parent id: 2
[18478.796571] task name: scsi_tmf_12, files count: 171, fs umask: 0, nvcsw: 2, nivcsw: 0
[18478.797958]

[18478.800245] pid: 281; state: 1, prio: 120, static prio: 120, normal prio: 120, rt prio: 0, parent id: 2
[18478.801741] task name: scsi_eh_13, files count: 171, fs umask: 0, nvcsw: 24, nivcsw: 0
[18478.802636]

[18478.804004] pid: 282; state: 402, prio: 100, static prio: 100, normal prio: 100, rt prio: 0, parent id: 2
[18478.805445] task name: scsi_tmf_13, files count: 171, fs umask: 0, nvcsw: 2, nivcsw: 0
[18478.806219]

[18478.807592] pid: 283; state: 1, prio: 120, static prio: 120, normal prio: 120, rt prio: 0, parent id: 2
[18478.808913] task name: scsi_eh_14, files count: 171, fs umask: 0, nvcsw: 24, nivcsw: 0
[18478.809687]

[18478.811001] pid: 284; state: 402, prio: 100, static prio: 100, normal prio: 100, rt prio: 0, parent id: 2
[18478.812847] task name: scsi_tmf_14, files count: 171, fs umask: 0, nvcsw: 2, nivcsw: 0
[18478.813574]

[18478.814832] pid: 285; state: 1, prio: 120, static prio: 120, normal prio: 120, rt prio: 0, parent id: 2
[18478.816105] task name: scsi_eh_15, files count: 171, fs umask: 0, nvcsw: 24, nivcsw: 0
[18478.816776]

[18478.818123] pid: 286; state: 402, prio: 100, static prio: 100, normal prio: 100, rt prio: 0, parent id: 2
[18478.819523] task name: scsi_tmf_15, files count: 171, fs umask: 0, nvcsw: 2, nivcsw: 0
[18478.820143]

[18478.821572] pid: 287; state: 1, prio: 120, static prio: 120, normal prio: 120, rt prio: 0, parent id: 2
[18478.822924] task name: scsi_eh_16, files count: 171, fs umask: 0, nvcsw: 24, nivcsw: 0
[18478.823592]

[18478.824847] pid: 288; state: 402, prio: 100, static prio: 100, normal prio: 100, rt prio: 0, parent id: 2
[18478.826680] task name: scsi_tmf_16, files count: 171, fs umask: 0, nvcsw: 2, nivcsw: 0
[18478.827700]

[18478.829562] pid: 289; state: 1, prio: 120, static prio: 120, normal prio: 120, rt prio: 0, parent id: 2
[18478.831209] task name: scsi_eh_17, files count: 171, fs umask: 0, nvcsw: 24, nivcsw: 0
[18478.833191]

[18478.837736] pid: 290; state: 402, prio: 100, static prio: 100, normal prio: 100, rt prio: 0, parent id: 2
[18478.839770] task name: scsi_tmf_17, files count: 171, fs umask: 0, nvcsw: 2, nivcsw: 0
[18478.840626]

[18478.842075] pid: 291; state: 1, prio: 120, static prio: 120, normal prio: 120, rt prio: 0, parent id: 2
[18478.843532] task name: scsi_eh_18, files count: 171, fs umask: 0, nvcsw: 24, nivcsw: 0
[18478.844177]

[18478.846168] pid: 292; state: 402, prio: 100, static prio: 100, normal prio: 100, rt prio: 0, parent id: 2
[18478.847673] task name: scsi_tmf_18, files count: 171, fs umask: 0, nvcsw: 2, nivcsw: 0
[18478.848370]

[18478.849728] pid: 293; state: 1, prio: 120, static prio: 120, normal prio: 120, rt prio: 0, parent id: 2
[18478.851081] task name: scsi_eh_19, files count: 171, fs umask: 0, nvcsw: 24, nivcsw: 0
[18478.851812]

[18478.853170] pid: 295; state: 402, prio: 100, static prio: 100, normal prio: 100, rt prio: 0, parent id: 2
[18478.854581] task name: scsi_tmf_19, files count: 171, fs umask: 0, nvcsw: 2, nivcsw: 0
[18478.855261]

[18478.856686] pid: 299; state: 1, prio: 120, static prio: 120, normal prio: 120, rt prio: 0, parent id: 2
[18478.858111] task name: scsi_eh_20, files count: 171, fs umask: 0, nvcsw: 24, nivcsw: 0
[18478.858849]

[18478.860080] pid: 303; state: 402, prio: 100, static prio: 100, normal prio: 100, rt prio: 0, parent id: 2
[18478.861846] task name: scsi_tmf_20, files count: 171, fs umask: 0, nvcsw: 2, nivcsw: 0
[18478.862919]

[18478.876282] pid: 305; state: 1, prio: 120, static prio: 120, normal prio: 120, rt prio: 0, parent id: 2
[18478.878156] task name: scsi_eh_21, files count: 171, fs umask: 0, nvcsw: 24, nivcsw: 0
[18478.879322]

[18478.880784] pid: 306; state: 402, prio: 100, static prio: 100, normal prio: 100, rt prio: 0, parent id: 2
[18478.882200] task name: cryptd, files count: 171, fs umask: 0, nvcsw: 2, nivcsw: 0
[18478.882886]

[18478.884120] pid: 307; state: 402, prio: 100, static prio: 100, normal prio: 100, rt prio: 0, parent id: 2
[18478.885534] task name: scsi_tmf_21, files count: 171, fs umask: 0, nvcsw: 2, nivcsw: 0
[18478.886206]

[18478.887492] pid: 308; state: 1, prio: 120, static prio: 120, normal prio: 120, rt prio: 0, parent id: 2
[18478.888806] task name: scsi_eh_22, files count: 171, fs umask: 0, nvcsw: 24, nivcsw: 0
[18478.889596]

[18478.890890] pid: 309; state: 402, prio: 100, static prio: 100, normal prio: 100, rt prio: 0, parent id: 2
[18478.892321] task name: scsi_tmf_22, files count: 171, fs umask: 0, nvcsw: 2, nivcsw: 0
[18478.892954]

[18478.894376] pid: 310; state: 1, prio: 120, static prio: 120, normal prio: 120, rt prio: 0, parent id: 2
[18478.895976] task name: scsi_eh_23, files count: 171, fs umask: 0, nvcsw: 24, nivcsw: 0
[18478.896710]

[18478.898095] pid: 311; state: 402, prio: 100, static prio: 100, normal prio: 100, rt prio: 0, parent id: 2
[18478.899485] task name: scsi_tmf_23, files count: 171, fs umask: 0, nvcsw: 2, nivcsw: 0
[18478.900102]

[18478.901785] pid: 312; state: 1, prio: 120, static prio: 120, normal prio: 120, rt prio: 0, parent id: 2
[18478.904372] task name: scsi_eh_24, files count: 171, fs umask: 0, nvcsw: 24, nivcsw: 0
[18478.905041]

[18478.906482] pid: 313; state: 402, prio: 100, static prio: 100, normal prio: 100, rt prio: 0, parent id: 2
[18478.907827] task name: scsi_tmf_24, files count: 171, fs umask: 0, nvcsw: 2, nivcsw: 0
[18478.908596]

[18478.909963] pid: 314; state: 1, prio: 120, static prio: 120, normal prio: 120, rt prio: 0, parent id: 2
[18478.911459] task name: scsi_eh_25, files count: 171, fs umask: 0, nvcsw: 24, nivcsw: 0
[18478.912144]

[18478.913963] pid: 315; state: 402, prio: 100, static prio: 100, normal prio: 100, rt prio: 0, parent id: 2
[18478.916816] task name: scsi_tmf_25, files count: 171, fs umask: 0, nvcsw: 2, nivcsw: 0
[18478.917623]

[18478.918964] pid: 316; state: 1, prio: 120, static prio: 120, normal prio: 120, rt prio: 0, parent id: 2
[18478.920370] task name: scsi_eh_26, files count: 171, fs umask: 0, nvcsw: 24, nivcsw: 0
[18478.921033]

[18478.922569] pid: 317; state: 402, prio: 100, static prio: 100, normal prio: 100, rt prio: 0, parent id: 2
[18478.923954] task name: scsi_tmf_26, files count: 171, fs umask: 0, nvcsw: 2, nivcsw: 0
[18478.924684]

[18478.926022] pid: 320; state: 1, prio: 120, static prio: 120, normal prio: 120, rt prio: 0, parent id: 2
[18478.927421] task name: scsi_eh_27, files count: 171, fs umask: 0, nvcsw: 24, nivcsw: 0
[18478.928312]

[18478.929946] pid: 322; state: 402, prio: 100, static prio: 100, normal prio: 100, rt prio: 0, parent id: 2
[18478.931388] task name: scsi_tmf_27, files count: 171, fs umask: 0, nvcsw: 2, nivcsw: 0
[18478.932086]

[18478.933606] pid: 324; state: 1, prio: 120, static prio: 120, normal prio: 120, rt prio: 0, parent id: 2
[18478.934953] task name: scsi_eh_28, files count: 171, fs umask: 0, nvcsw: 24, nivcsw: 0
[18478.935645]

[18478.936894] pid: 325; state: 402, prio: 100, static prio: 100, normal prio: 100, rt prio: 0, parent id: 2
[18478.938298] task name: scsi_tmf_28, files count: 171, fs umask: 0, nvcsw: 2, nivcsw: 0
[18478.939121]

[18478.940479] pid: 326; state: 1, prio: 120, static prio: 120, normal prio: 120, rt prio: 0, parent id: 2
[18478.941984] task name: scsi_eh_29, files count: 171, fs umask: 0, nvcsw: 24, nivcsw: 0
[18478.942691]

[18478.944229] pid: 327; state: 402, prio: 100, static prio: 100, normal prio: 100, rt prio: 0, parent id: 2
[18478.946023] task name: scsi_tmf_29, files count: 171, fs umask: 0, nvcsw: 2, nivcsw: 0
[18478.947369]

[18478.949640] pid: 328; state: 1, prio: 120, static prio: 120, normal prio: 120, rt prio: 0, parent id: 2
[18478.951146] task name: scsi_eh_30, files count: 171, fs umask: 0, nvcsw: 23, nivcsw: 0
[18478.951985]

[18478.953588] pid: 330; state: 402, prio: 100, static prio: 100, normal prio: 100, rt prio: 0, parent id: 2
[18478.954983] task name: scsi_tmf_30, files count: 171, fs umask: 0, nvcsw: 2, nivcsw: 0
[18478.955602]

[18478.957021] pid: 331; state: 1, prio: 120, static prio: 120, normal prio: 120, rt prio: 0, parent id: 2
[18478.958444] task name: scsi_eh_31, files count: 171, fs umask: 0, nvcsw: 23, nivcsw: 0
[18478.959155]

[18478.960383] pid: 333; state: 1, prio: 49, static prio: 120, normal prio: 49, rt prio: 50, parent id: 2
[18478.962243] task name: irq/16-vmwgfx, files count: 171, fs umask: 0, nvcsw: 69814, nivcsw: 32
[18478.963155]

[18478.964414] pid: 334; state: 402, prio: 100, static prio: 100, normal prio: 100, rt prio: 0, parent id: 2
[18478.965867] task name: scsi_tmf_31, files count: 171, fs umask: 0, nvcsw: 2, nivcsw: 0
[18478.966543]

[18478.967859] pid: 356; state: 402, prio: 100, static prio: 100, normal prio: 100, rt prio: 0, parent id: 2
[18478.969279] task name: ttm_swap, files count: 171, fs umask: 0, nvcsw: 2, nivcsw: 0
[18478.970039]

[18478.971350] pid: 391; state: 1, prio: 120, static prio: 120, normal prio: 120, rt prio: 0, parent id: 2
[18478.972779] task name: scsi_eh_32, files count: 171, fs umask: 0, nvcsw: 2, nivcsw: 0
[18478.973551]

[18478.974933] pid: 392; state: 402, prio: 100, static prio: 100, normal prio: 100, rt prio: 0, parent id: 2
[18478.976264] task name: scsi_tmf_32, files count: 171, fs umask: 0, nvcsw: 2, nivcsw: 0
[18478.977069]

[18478.978404] pid: 395; state: 0, prio: 100, static prio: 100, normal prio: 100, rt prio: 0, parent id: 2
[18478.979857] task name: kworker/1:1H, files count: 171, fs umask: 0, nvcsw: 24119, nivcsw: 268
[18478.980559]

[18478.982127] pid: 396; state: 402, prio: 100, static prio: 100, normal prio: 100, rt prio: 0, parent id: 2
[18478.983637] task name: kworker/0:1H, files count: 171, fs umask: 0, nvcsw: 15270, nivcsw: 282
[18478.984338]

[18478.985707] pid: 429; state: 402, prio: 100, static prio: 100, normal prio: 100, rt prio: 0, parent id: 2
[18478.987101] task name: raid5wq, files count: 171, fs umask: 0, nvcsw: 2, nivcsw: 0
[18478.987728]

[18478.989119] pid: 477; state: 1, prio: 120, static prio: 120, normal prio: 120, rt prio: 0, parent id: 2
[18478.990466] task name: jbd2/sda2-8, files count: 171, fs umask: 0, nvcsw: 9333, nivcsw: 5338
[18478.991223]

[18478.992670] pid: 478; state: 402, prio: 100, static prio: 100, normal prio: 100, rt prio: 0, parent id: 2
[18478.994223] task name: ext4-rsv-conver, files count: 171, fs umask: 0, nvcsw: 2, nivcsw: 0
[18478.994924]

[18478.996276] pid: 547; state: 1, prio: 119, static prio: 119, normal prio: 119, rt prio: 0, parent id: 1
[18478.998950] task name: systemd-journal, files count: 1, fs umask: 18, nvcsw: 11930, nivcsw: 5761
[18479.000302] mm: 0x7fa6b11c5000, total_vm: 20086
[18479.001124]

[18479.002554] pid: 579; state: 1, prio: 120, static prio: 120, normal prio: 120, rt prio: 0, parent id: 1
[18479.004692] task name: systemd-udevd, files count: 1, fs umask: 18, nvcsw: 1836, nivcsw: 1606
[18479.005572] mm: 0x7f46d20b5000, total_vm: 6052
[18479.006300]

[18479.007634] pid: 682; state: 402, prio: 100, static prio: 100, normal prio: 100, rt prio: 0, parent id: 2
[18479.009021] task name: kworker/u257:2, files count: 171, fs umask: 0, nvcsw: 25, nivcsw: 0
[18479.009678]

[18479.011036] pid: 725; state: 402, prio: 100, static prio: 100, normal prio: 100, rt prio: 0, parent id: 2
[18479.012405] task name: kaluad, files count: 171, fs umask: 0, nvcsw: 2, nivcsw: 0
[18479.013379]

[18479.014732] pid: 726; state: 402, prio: 100, static prio: 100, normal prio: 100, rt prio: 0, parent id: 2
[18479.016151] task name: kmpath_rdacd, files count: 171, fs umask: 0, nvcsw: 2, nivcsw: 0
[18479.016943]

[18479.018268] pid: 727; state: 402, prio: 100, static prio: 100, normal prio: 100, rt prio: 0, parent id: 2
[18479.019577] task name: kmpathd, files count: 171, fs umask: 0, nvcsw: 2, nivcsw: 0
[18479.020254]

[18479.021627] pid: 728; state: 402, prio: 100, static prio: 100, normal prio: 100, rt prio: 0, parent id: 2
[18479.023015] task name: kmpath_handlerd, files count: 171, fs umask: 0, nvcsw: 2, nivcsw: 0
[18479.023624]

[18479.025060] pid: 729; state: 0, prio: 0, static prio: 120, normal prio: 0, rt prio: 99, parent id: 1
[18479.026343] task name: multipathd, files count: 8, fs umask: 63, nvcsw: 22030, nivcsw: 3
[18479.026998] mm: 0x7fe98b8ff000, total_vm: 86451
[18479.027626]

[18479.029245] pid: 738; state: 1, prio: 100, static prio: 100, normal prio: 100, rt prio: 0, parent id: 2
[18479.031725] task name: loop0, files count: 171, fs umask: 0, nvcsw: 205, nivcsw: 0
[18479.033321]

[18479.034733] pid: 739; state: 1, prio: 100, static prio: 100, normal prio: 100, rt prio: 0, parent id: 2
[18479.036135] task name: loop1, files count: 171, fs umask: 0, nvcsw: 57, nivcsw: 1
[18479.036902]

[18479.038322] pid: 741; state: 1, prio: 100, static prio: 100, normal prio: 100, rt prio: 0, parent id: 2
[18479.039584] task name: loop2, files count: 171, fs umask: 0, nvcsw: 71, nivcsw: 0
[18479.040232]

[18479.041552] pid: 744; state: 1, prio: 100, static prio: 100, normal prio: 100, rt prio: 0, parent id: 2
[18479.043127] task name: loop3, files count: 171, fs umask: 0, nvcsw: 79, nivcsw: 0
[18479.043726]

[18479.045199] pid: 745; state: 1, prio: 100, static prio: 100, normal prio: 100, rt prio: 0, parent id: 2
[18479.046859] task name: loop4, files count: 171, fs umask: 0, nvcsw: 73, nivcsw: 1
[18479.047502]

[18479.048882] pid: 755; state: 1, prio: 120, static prio: 120, normal prio: 120, rt prio: 0, parent id: 1
[18479.050171] task name: systemd-timesyn, files count: 2, fs umask: 18, nvcsw: 293, nivcsw: 59
[18479.050845] mm: 0x7fe36c4ec000, total_vm: 22599
[18479.051434]

[18479.053090] pid: 768; state: 1, prio: 120, static prio: 120, normal prio: 120, rt prio: 0, parent id: 1
[18479.054380] task name: VGAuthService, files count: 1, fs umask: 18, nvcsw: 76, nivcsw: 16
[18479.055103] mm: 0x7fc7d7eda000, total_vm: 11881
[18479.055695]

[18479.057094] pid: 769; state: 1, prio: 100, static prio: 100, normal prio: 100, rt prio: 0, parent id: 1
[18479.058362] task name: vmtoolsd, files count: 3, fs umask: 18, nvcsw: 207731, nivcsw: 619
[18479.059024] mm: 0x7f8abfd23000, total_vm: 45889
[18479.059625]

[18479.061071] pid: 895; state: 1, prio: 120, static prio: 120, normal prio: 120, rt prio: 0, parent id: 1
[18479.062865] task name: systemd-network, files count: 1, fs umask: 18, nvcsw: 461, nivcsw: 93
[18479.063573] mm: 0x7f5d494bf000, total_vm: 6687
[18479.065610]

[18479.067186] pid: 904; state: 1, prio: 120, static prio: 120, normal prio: 120, rt prio: 0, parent id: 1
[18479.068685] task name: systemd-resolve, files count: 1, fs umask: 18, nvcsw: 512, nivcsw: 74
[18479.069494] mm: 0x7f2554921000, total_vm: 6014
[18479.070195]

[18479.071414] pid: 923; state: 1, prio: 120, static prio: 120, normal prio: 120, rt prio: 0, parent id: 1
[18479.072882] task name: accounts-daemon, files count: 3, fs umask: 18, nvcsw: 79, nivcsw: 25
[18479.073642] mm: 0x7f29d3cc9000, total_vm: 59822
[18479.074290]

[18479.075494] pid: 926; state: 1, prio: 120, static prio: 120, normal prio: 120, rt prio: 0, parent id: 1
[18479.077221] task name: cron, files count: 1, fs umask: 18, nvcsw: 316, nivcsw: 7
[18479.078272] mm: 0x7f8863190000, total_vm: 1705
[18479.082815]

[18479.086165] pid: 927; state: 1, prio: 120, static prio: 120, normal prio: 120, rt prio: 0, parent id: 1
[18479.088234] task name: dbus-daemon, files count: 1, fs umask: 18, nvcsw: 749, nivcsw: 75
[18479.089442] mm: 0x7fc58c464000, total_vm: 1906
[18479.090440]

[18479.092184] pid: 941; state: 1, prio: 120, static prio: 120, normal prio: 120, rt prio: 0, parent id: 1
[18479.093771] task name: irqbalance, files count: 2, fs umask: 18, nvcsw: 1823, nivcsw: 29
[18479.094965] mm: 0x7f30025aa000, total_vm: 20488
[18479.096175]

[18479.097632] pid: 942; state: 1, prio: 120, static prio: 120, normal prio: 120, rt prio: 0, parent id: 1
[18479.098964] task name: networkd-dispat, files count: 1, fs umask: 18, nvcsw: 99, nivcsw: 67
[18479.099545] mm: 0x7f87e5bf2000, total_vm: 7256
[18479.100235]

[18479.101549] pid: 945; state: 1, prio: 120, static prio: 120, normal prio: 120, rt prio: 0, parent id: 1
[18479.103006] task name: rsyslogd, files count: 4, fs umask: 18, nvcsw: 55, nivcsw: 3
[18479.103584] mm: 0x7fc783400000, total_vm: 56083
[18479.104271]

[18479.105602] pid: 947; state: 1, prio: 120, static prio: 120, normal prio: 120, rt prio: 0, parent id: 1
[18479.106971] task name: snapd, files count: 11, fs umask: 18, nvcsw: 235, nivcsw: 34
[18479.107544] mm: 0x7f2b63ec5000, total_vm: 216691
[18479.108191]

[18479.109453] pid: 956; state: 1, prio: 120, static prio: 120, normal prio: 120, rt prio: 0, parent id: 1
[18479.110679] task name: systemd-logind, files count: 1, fs umask: 18, nvcsw: 500, nivcsw: 73
[18479.111390] mm: 0x7ff5b8fb5000, total_vm: 4247
[18479.112548]

[18479.114528] pid: 959; state: 1, prio: 120, static prio: 120, normal prio: 120, rt prio: 0, parent id: 1
[18479.116857] task name: atd, files count: 1, fs umask: 18, nvcsw: 8, nivcsw: 1
[18479.117479] mm: 0x7f6810c69000, total_vm: 950
[18479.118119]

[18479.119359] pid: 1010; state: 1, prio: 120, static prio: 120, normal prio: 120, rt prio: 0, parent id: 1
[18479.120573] task name: sshd, files count: 1, fs umask: 18, nvcsw: 13, nivcsw: 5
[18479.121340] mm: 0x7f8d5c329000, total_vm: 3042
[18479.122104]

[18479.123313] pid: 1012; state: 1, prio: 120, static prio: 120, normal prio: 120, rt prio: 0, parent id: 1
[18479.124533] task name: unattended-upgr, files count: 2, fs umask: 18, nvcsw: 55, nivcsw: 30
[18479.125250] mm: 0x7f5cf2296000, total_vm: 26961
[18479.125921]

[18479.127074] pid: 1036; state: 1, prio: 120, static prio: 120, normal prio: 120, rt prio: 0, parent id: 1
[18479.128365] task name: polkitd, files count: 3, fs umask: 18, nvcsw: 89, nivcsw: 49
[18479.129266] mm: 0x7ff1bc2b0000, total_vm: 59076
[18479.130061]

[18479.131296] pid: 1143; state: 1, prio: 120, static prio: 120, normal prio: 120, rt prio: 0, parent id: 1010
[18479.132566] task name: sshd, files count: 1, fs umask: 2, nvcsw: 73, nivcsw: 44
[18479.133278] mm: 0x7fee78ee5000, total_vm: 3483
[18479.133937]

[18479.135131] pid: 1152; state: 1, prio: 120, static prio: 120, normal prio: 120, rt prio: 0, parent id: 1010
[18479.136294] task name: sshd, files count: 1, fs umask: 2, nvcsw: 25, nivcsw: 16
[18479.136991] mm: 0x7fc009db9000, total_vm: 3484
[18479.137589]

[18479.138803] pid: 1160; state: 1, prio: 120, static prio: 120, normal prio: 120, rt prio: 0, parent id: 1
[18479.139999] task name: systemd, files count: 1, fs umask: 2, nvcsw: 46, nivcsw: 79
[18479.140561] mm: 0x7fb2356d8000, total_vm: 4634
[18479.141267]

[18479.142494] pid: 1163; state: 1, prio: 120, static prio: 120, normal prio: 120, rt prio: 0, parent id: 1160
[18479.143732] task name: (sd-pam), files count: 1, fs umask: 2, nvcsw: 1, nivcsw: 2
[18479.144346] mm: 0x7f6d83e9c000, total_vm: 42172
[18479.145092]

[18479.146585] pid: 1360; state: 1, prio: 120, static prio: 120, normal prio: 120, rt prio: 0, parent id: 1152
[18479.148294] task name: sshd, files count: 1, fs umask: 2, nvcsw: 15, nivcsw: 14
[18479.149932] mm: 0x7fc009db9000, total_vm: 3484
[18479.150534]

[18479.151879] pid: 1361; state: 1, prio: 120, static prio: 120, normal prio: 120, rt prio: 0, parent id: 1143
[18479.153238] task name: sshd, files count: 1, fs umask: 2, nvcsw: 2903, nivcsw: 2023
[18479.154012] mm: 0x7fee78ee5000, total_vm: 3483
[18479.154601]

[18479.155890] pid: 1366; state: 1, prio: 120, static prio: 120, normal prio: 120, rt prio: 0, parent id: 1
[18479.157173] task name: agetty, files count: 1, fs umask: 18, nvcsw: 2, nivcsw: 11
[18479.157815] mm: 0x7ff4a57c0000, total_vm: 1459
[18479.158365]

[18479.159573] pid: 1374; state: 1, prio: 120, static prio: 120, normal prio: 120, rt prio: 0, parent id: 1360
[18479.160895] task name: sftp-server, files count: 1, fs umask: 2, nvcsw: 11, nivcsw: 0
[18479.161599] mm: 0x7fd319af2000, total_vm: 1473
[18479.162334]

[18479.163702] pid: 1375; state: 1, prio: 120, static prio: 120, normal prio: 120, rt prio: 0, parent id: 1361
[18479.164992] task name: bash, files count: 1, fs umask: 2, nvcsw: 44, nivcsw: 13
[18479.165600] mm: 0x7fad01511000, total_vm: 2071
[18479.166244]

[18479.167393] pid: 1392; state: 1, prio: 120, static prio: 120, normal prio: 120, rt prio: 0, parent id: 1010
[18479.168549] task name: sshd, files count: 1, fs umask: 2, nvcsw: 33, nivcsw: 20
[18479.169231] mm: 0x7f48a169e000, total_vm: 3484
[18479.169956]

[18479.171114] pid: 1394; state: 1, prio: 120, static prio: 120, normal prio: 120, rt prio: 0, parent id: 1010
[18479.172403] task name: sshd, files count: 1, fs umask: 2, nvcsw: 14, nivcsw: 38
[18479.173140] mm: 0x7fa34b606000, total_vm: 3484
[18479.173761]

[18479.174959] pid: 1494; state: 1, prio: 120, static prio: 120, normal prio: 120, rt prio: 0, parent id: 1392
[18479.176149] task name: sshd, files count: 1, fs umask: 2, nvcsw: 3620, nivcsw: 424
[18479.176858] mm: 0x7f48a169e000, total_vm: 3484
[18479.177476]

[18479.178844] pid: 1543; state: 1, prio: 120, static prio: 120, normal prio: 120, rt prio: 0, parent id: 1394
[18479.180563] task name: sshd, files count: 1, fs umask: 2, nvcsw: 16, nivcsw: 4
[18479.182788] mm: 0x7fa34b606000, total_vm: 3484
[18479.183460]

[18479.184647] pid: 1544; state: 1, prio: 120, static prio: 120, normal prio: 120, rt prio: 0, parent id: 1543
[18479.185959] task name: sftp-server, files count: 1, fs umask: 2, nvcsw: 7, nivcsw: 0
[18479.186564] mm: 0x7efc3d463000, total_vm: 1473
[18479.187182]

[18479.188338] pid: 1545; state: 1, prio: 120, static prio: 120, normal prio: 120, rt prio: 0, parent id: 1494
[18479.189581] task name: bash, files count: 1, fs umask: 2, nvcsw: 17, nivcsw: 7
[18479.190235] mm: 0x7f8c8e76c000, total_vm: 2071
[18479.190851]

[18479.192270] pid: 1556; state: 1, prio: 120, static prio: 120, normal prio: 120, rt prio: 0, parent id: 1375
[18479.193791] task name: sudo, files count: 1, fs umask: 18, nvcsw: 19, nivcsw: 5
[18479.194401] mm: 0x7f43943c3000, total_vm: 2357
[18479.195063]

[18479.196522] pid: 1557; state: 1, prio: 120, static prio: 120, normal prio: 120, rt prio: 0, parent id: 1556
[18479.197868] task name: su, files count: 1, fs umask: 18, nvcsw: 9, nivcsw: 1
[18479.198465] mm: 0x7f1806412000, total_vm: 2091
[18479.199077]

[18479.200205] pid: 1558; state: 1, prio: 120, static prio: 120, normal prio: 120, rt prio: 0, parent id: 1557
[18479.201461] task name: bash, files count: 1, fs umask: 18, nvcsw: 1342, nivcsw: 42
[18479.202489] mm: 0x7f11103d5000, total_vm: 1837
[18479.203172]

[18479.204357] pid: 1636; state: 1, prio: 120, static prio: 120, normal prio: 120, rt prio: 0, parent id: 1545
[18479.205680] task name: sudo, files count: 1, fs umask: 18, nvcsw: 5, nivcsw: 0
[18479.206279] mm: 0x7f92aebe8000, total_vm: 2356
[18479.206914]

[18479.208088] pid: 1641; state: 1, prio: 120, static prio: 120, normal prio: 120, rt prio: 0, parent id: 1636
[18479.209327] task name: su, files count: 1, fs umask: 18, nvcsw: 5, nivcsw: 0
[18479.209979] mm: 0x7fda7e7c4000, total_vm: 2091
[18479.210556]

[18479.211873] pid: 1642; state: 1, prio: 120, static prio: 120, normal prio: 120, rt prio: 0, parent id: 1641
[18479.213436] task name: bash, files count: 1, fs umask: 18, nvcsw: 911, nivcsw: 35
[18479.214371] mm: 0x7fa3d5d43000, total_vm: 1876
[18479.215536]

[18479.217703] pid: 1675; state: 1, prio: 120, static prio: 120, normal prio: 120, rt prio: 0, parent id: 1
[18479.219046] task name: vmhgfs-fuse, files count: 7, fs umask: 0, nvcsw: 1, nivcsw: 0
[18479.219669] mm: 0x7fb37e0fa000, total_vm: 96244
[18479.220253]

[18479.221538] pid: 10774; state: 1, prio: 120, static prio: 120, normal prio: 120, rt prio: 0, parent id: 1
[18479.222861] task name: fwupd, files count: 5, fs umask: 18, nvcsw: 207, nivcsw: 112
[18479.223458] mm: 0x7ffa529c2000, total_vm: 93560
[18479.224075]

[18479.225312] pid: 10783; state: 402, prio: 120, static prio: 120, normal prio: 120, rt prio: 0, parent id: 2
[18479.226546] task name: kworker/1:2, files count: 171, fs umask: 0, nvcsw: 18085, nivcsw: 163
[18479.227182]

[18479.228381] pid: 10899; state: 402, prio: 120, static prio: 120, normal prio: 120, rt prio: 0, parent id: 2
[18479.229876] task name: kworker/u256:0, files count: 171, fs umask: 0, nvcsw: 14450, nivcsw: 30
[18479.230719]

[18479.231996] pid: 12348; state: 0, prio: 120, static prio: 120, normal prio: 120, rt prio: 0, parent id: 2
[18479.233428] task name: kworker/1:1, files count: 171, fs umask: 0, nvcsw: 30022, nivcsw: 415
[18479.234124]

[18479.235317] pid: 13084; state: 402, prio: 120, static prio: 120, normal prio: 120, rt prio: 0, parent id: 2
[18479.236516] task name: kworker/0:1, files count: 171, fs umask: 0, nvcsw: 31792, nivcsw: 7216
[18479.237239]

[18479.238455] pid: 13210; state: 402, prio: 120, static prio: 120, normal prio: 120, rt prio: 0, parent id: 2
[18479.239715] task name: kworker/u256:2, files count: 171, fs umask: 0, nvcsw: 1582, nivcsw: 2
[18479.240335]

[18479.241629] pid: 13317; state: 402, prio: 120, static prio: 120, normal prio: 120, rt prio: 0, parent id: 2
[18479.243089] task name: kworker/0:0, files count: 171, fs umask: 0, nvcsw: 4761, nivcsw: 999
[18479.243778]

[18479.245161] pid: 13332; state: 402, prio: 120, static prio: 120, normal prio: 120, rt prio: 0, parent id: 2
[18479.246730] task name: kworker/u256:1, files count: 171, fs umask: 0, nvcsw: 649, nivcsw: 2
[18479.247400]

[18479.248773] pid: 13440; state: 402, prio: 120, static prio: 120, normal prio: 120, rt prio: 0, parent id: 2
[18479.250148] task name: kworker/0:2, files count: 171, fs umask: 0, nvcsw: 880, nivcsw: 120
[18479.250855]

[18479.252216] pid: 13886; state: 0, prio: 120, static prio: 120, normal prio: 120, rt prio: 0, parent id: 1558
[18479.253644] task name: insmod, files count: 1, fs umask: 18, nvcsw: 16, nivcsw: 0
[18479.254325] mm: 0x7fcdf823a000, total_vm: 1573
[18479.255038]

[18479.256375] pid: 13887; state: 1, prio: 120, static prio: 120, normal prio: 120, rt prio: 0, parent id: 579
[18479.257825] task name: systemd-udevd, files count: 1, fs umask: 18, nvcsw: 1, nivcsw: 2
[18479.258449] mm: 0x7f46d20b5000, total_vm: 6052
[18479.259107] total task num: 216
